# JRE version: OpenJDK Runtime Environment (8.0_152-b06) (build 1.8.0_152-release-1136-b06)
# Java VM: OpenJDK 64-Bit Server VM (25.152-b06 mixed mode linux-amd64 compressed oops)
Heap:
 PSYoungGen      total 446976K, used 19262K [0x00000000e0000000, 0x0000000100000000, 0x0000000100000000)
  eden space 411648K, 0% used [0x00000000e0000000,0x00000000e0000000,0x00000000f9200000)
  from space 35328K, 54% used [0x00000000fdd80000,0x00000000ff04f888,0x0000000100000000)
  to   space 56320K, 0% used [0x00000000f9200000,0x00000000f9200000,0x00000000fc900000)
 ParOldGen       total 157696K, used 157248K [0x00000000a0000000, 0x00000000a9a00000, 0x00000000e0000000)
  object space 157696K, 99% used [0x00000000a0000000,0x00000000a9990038,0x00000000a9a00000)
 Metaspace       used 100618K, capacity 104996K, committed 105728K, reserved 1140736K
  class space    used 12373K, capacity 13328K, committed 13568K, reserved 1048576K
GC Heap History (10 events):
Event: 8615.376 GC heap after
Heap after GC invocations=48 (full 4):
 PSYoungGen      total 478208K, used 3627K [0x00000000e0000000, 0x00000000ffa80000, 0x0000000100000000)
  eden space 443904K, 0% used [0x00000000e0000000,0x00000000e0000000,0x00000000fb180000)
  from space 34304K, 10% used [0x00000000fd900000,0x00000000fdc8ad70,0x00000000ffa80000)
  to   space 37376K, 0% used [0x00000000fb180000,0x00000000fb180000,0x00000000fd600000)
 ParOldGen       total 152576K, used 119197K [0x00000000a0000000, 0x00000000a9500000, 0x00000000e0000000)
  object space 152576K, 78% used [0x00000000a0000000,0x00000000a74675e0,0x00000000a9500000)
 Metaspace       used 98725K, capacity 103180K, committed 103424K, reserved 1138688K
  class space    used 12276K, capacity 13237K, committed 13312K, reserved 1048576K
}
Event: 8617.313 GC heap before
{Heap before GC invocations=49 (full 4):
 PSYoungGen      total 478208K, used 447531K [0x00000000e0000000, 0x00000000ffa80000, 0x0000000100000000)
  eden space 443904K, 100% used [0x00000000e0000000,0x00000000fb180000,0x00000000fb180000)
  from space 34304K, 10% used [0x00000000fd900000,0x00000000fdc8ad70,0x00000000ffa80000)
  to   space 37376K, 0% used [0x00000000fb180000,0x00000000fb180000,0x00000000fd600000)
 ParOldGen       total 152576K, used 119197K [0x00000000a0000000, 0x00000000a9500000, 0x00000000e0000000)
  object space 152576K, 78% used [0x00000000a0000000,0x00000000a74675e0,0x00000000a9500000)
 Metaspace       used 98753K, capacity 103244K, committed 103424K, reserved 1138688K
  class space    used 12276K, capacity 13237K, committed 13312K, reserved 1048576K
Event: 8617.352 GC heap after
Heap after GC invocations=49 (full 4):
 PSYoungGen      total 481280K, used 4960K [0x00000000e0000000, 0x00000000fff00000, 0x0000000100000000)
  eden space 443904K, 0% used [0x00000000e0000000,0x00000000e0000000,0x00000000fb180000)
  from space 37376K, 13% used [0x00000000fb180000,0x00000000fb6583f0,0x00000000fd600000)
  to   space 35328K, 0% used [0x00000000fdc80000,0x00000000fdc80000,0x00000000fff00000)
 ParOldGen       total 152576K, used 119327K [0x00000000a0000000, 0x00000000a9500000, 0x00000000e0000000)
  object space 152576K, 78% used [0x00000000a0000000,0x00000000a7487c48,0x00000000a9500000)
 Metaspace       used 98753K, capacity 103244K, committed 103424K, reserved 1138688K
  class space    used 12276K, capacity 13237K, committed 13312K, reserved 1048576K
}
Event: 8619.579 GC heap before
{Heap before GC invocations=50 (full 4):
 PSYoungGen      total 481280K, used 448864K [0x00000000e0000000, 0x00000000fff00000, 0x0000000100000000)
  eden space 443904K, 100% used [0x00000000e0000000,0x00000000fb180000,0x00000000fb180000)
  from space 37376K, 13% used [0x00000000fb180000,0x00000000fb6583f0,0x00000000fd600000)
  to   space 35328K, 0% used [0x00000000fdc80000,0x00000000fdc80000,0x00000000fff00000)
 ParOldGen       total 152576K, used 119327K [0x00000000a0000000, 0x00000000a9500000, 0x00000000e0000000)
  object space 152576K, 78% used [0x00000000a0000000,0x00000000a7487c48,0x00000000a9500000)
 Metaspace       used 98843K, capacity 103300K, committed 103424K, reserved 1138688K
  class space    used 12286K, capacity 13247K, committed 13312K, reserved 1048576K
Event: 8619.598 GC heap after
Heap after GC invocations=50 (full 4):
 PSYoungGen      total 482816K, used 2024K [0x00000000e0000000, 0x00000000ffb00000, 0x0000000100000000)
  eden space 451584K, 0% used [0x00000000e0000000,0x00000000e0000000,0x00000000fb900000)
  from space 31232K, 6% used [0x00000000fdc80000,0x00000000fde7a150,0x00000000ffb00000)
  to   space 33792K, 0% used [0x00000000fb900000,0x00000000fb900000,0x00000000fda00000)
 ParOldGen       total 152576K, used 119821K [0x00000000a0000000, 0x00000000a9500000, 0x00000000e0000000)
  object space 152576K, 78% used [0x00000000a0000000,0x00000000a7503438,0x00000000a9500000)
 Metaspace       used 98843K, capacity 103300K, committed 103424K, reserved 1138688K
  class space    used 12286K, capacity 13247K, committed 13312K, reserved 1048576K
}
Event: 8960.542 GC heap before
{Heap before GC invocations=51 (full 4):
 PSYoungGen      total 482816K, used 450706K [0x00000000e0000000, 0x00000000ffb00000, 0x0000000100000000)
  eden space 451584K, 99% used [0x00000000e0000000,0x00000000fb62a938,0x00000000fb900000)
  from space 31232K, 6% used [0x00000000fdc80000,0x00000000fde7a150,0x00000000ffb00000)
  to   space 33792K, 0% used [0x00000000fb900000,0x00000000fb900000,0x00000000fda00000)
 ParOldGen       total 152576K, used 119821K [0x00000000a0000000, 0x00000000a9500000, 0x00000000e0000000)
  object space 152576K, 78% used [0x00000000a0000000,0x00000000a7503438,0x00000000a9500000)
 Metaspace       used 99321K, capacity 103906K, committed 103936K, reserved 1140736K
  class space    used 12318K, capacity 13308K, committed 13312K, reserved 1048576K
Event: 8961.136 GC heap after
Heap after GC invocations=51 (full 4):
 PSYoungGen      total 485376K, used 18574K [0x00000000e0000000, 0x0000000100000000, 0x0000000100000000)
  eden space 451584K, 0% used [0x00000000e0000000,0x00000000e0000000,0x00000000fb900000)
  from space 33792K, 54% used [0x00000000fb900000,0x00000000fcb238e0,0x00000000fda00000)
  to   space 35328K, 0% used [0x00000000fdd80000,0x00000000fdd80000,0x0000000100000000)
 ParOldGen       total 152576K, used 119853K [0x00000000a0000000, 0x00000000a9500000, 0x00000000e0000000)
  object space 152576K, 78% used [0x00000000a0000000,0x00000000a750b438,0x00000000a9500000)
 Metaspace       used 99321K, capacity 103906K, committed 103936K, reserved 1140736K
  class space    used 12318K, capacity 13308K, committed 13312K, reserved 1048576K
}
Event: 8971.924 GC heap before
{Heap before GC invocations=52 (full 4):
 PSYoungGen      total 485376K, used 461473K [0x00000000e0000000, 0x0000000100000000, 0x0000000100000000)
  eden space 451584K, 98% used [0x00000000e0000000,0x00000000fb084c30,0x00000000fb900000)
  from space 33792K, 54% used [0x00000000fb900000,0x00000000fcb238e0,0x00000000fda00000)
  to   space 35328K, 0% used [0x00000000fdd80000,0x00000000fdd80000,0x0000000100000000)
 ParOldGen       total 152576K, used 119853K [0x00000000a0000000, 0x00000000a9500000, 0x00000000e0000000)
  object space 152576K, 78% used [0x00000000a0000000,0x00000000a750b438,0x00000000a9500000)
 Metaspace       used 100821K, capacity 105556K, committed 105728K, reserved 1140736K
  class space    used 12442K, capacity 13442K, committed 13568K, reserved 1048576K
Event: 8974.287 GC heap after
Heap after GC invocations=52 (full 4):
 PSYoungGen      total 446976K, used 35310K [0x00000000e0000000, 0x0000000100000000, 0x0000000100000000)
  eden space 411648K, 0% used [0x00000000e0000000,0x00000000e0000000,0x00000000f9200000)
  from space 35328K, 99% used [0x00000000fdd80000,0x00000000ffffb938,0x0000000100000000)
  to   space 56320K, 0% used [0x00000000f9200000,0x00000000f9200000,0x00000000fc900000)
 ParOldGen       total 157696K, used 157621K [0x00000000a0000000, 0x00000000a9a00000, 0x00000000e0000000)
  object space 157696K, 99% used [0x00000000a0000000,0x00000000a99ed450,0x00000000a9a00000)
 Metaspace       used 100821K, capacity 105556K, committed 105728K, reserved 1140736K
  class space    used 12442K, capacity 13442K, committed 13568K, reserved 1048576K
}
Event: 8974.468 GC heap before
{Heap before GC invocations=53 (full 5):
 PSYoungGen      total 446976K, used 35310K [0x00000000e0000000, 0x0000000100000000, 0x0000000100000000)
  eden space 411648K, 0% used [0x00000000e0000000,0x00000000e0000000,0x00000000f9200000)
  from space 35328K, 99% used [0x00000000fdd80000,0x00000000ffffb938,0x0000000100000000)
  to   space 56320K, 0% used [0x00000000f9200000,0x00000000f9200000,0x00000000fc900000)
 ParOldGen       total 157696K, used 157621K [0x00000000a0000000, 0x00000000a9a00000, 0x00000000e0000000)
  object space 157696K, 99% used [0x00000000a0000000,0x00000000a99ed450,0x00000000a9a00000)
 Metaspace       used 100821K, capacity 105556K, committed 105728K, reserved 1140736K
  class space    used 12442K, capacity 13442K, committed 13568K, reserved 1048576K

